<?xml version="1.0" encoding="UTF-8"?>
<!-- Generated by org.testng.reporters.JUnitXMLReporter -->
<testsuite hostname="DCS-6W0XKQ1-LX" name="Test" tests="1" failures="1" timestamp="21 Jun 2016 22:16:15 GMT" time="0.047" errors="0">
  <testcase name="testSelenium" time="0.032" classname="SeleniumTest.Selenium">
    <failure type="java.lang.NoClassDefFoundError" message="com/google/common/base/Function">
      <![CDATA[java.lang.NoClassDefFoundError: com/google/common/base/Function
	at SeleniumTest.Selenium.testSelenium(Selenium.java:17)
Caused by: java.lang.ClassNotFoundException: com.google.common.base.Function
	at java.net.URLClassLoader.findClass(URLClassLoader.java:381)
	at java.lang.ClassLoader.loadClass(ClassLoader.java:424)
	at sun.misc.Launcher$AppClassLoader.loadClass(Launcher.java:331)
	at java.lang.ClassLoader.loadClass(ClassLoader.java:357)
	... 26 more
... Removed 25 stack frames]]>
    </failure>
  </testcase> <!-- testSelenium -->
</testsuite> <!-- Test -->
