<?xml version="1.0" encoding="UTF-8"?>
<testng-results skipped="0" failed="0" total="1" passed="1">
  <reporter-output>
  </reporter-output>
  <suite name="Command line suite" duration-ms="15287" started-at="2016-06-30T02:45:28Z" finished-at="2016-06-30T02:45:44Z">
    <groups>
    </groups>
    <test name="Command line test" duration-ms="15287" started-at="2016-06-30T02:45:28Z" finished-at="2016-06-30T02:45:44Z">
      <class name="Selenium.basicTitleTest">
        <test-method status="PASS" signature="testSelenium()[pri:0, instance:Selenium.basicTitleTest@9e89d68]" name="testSelenium" duration-ms="15263" started-at="2016-06-30T10:45:28Z" finished-at="2016-06-30T10:45:44Z">
          <reporter-output>
          </reporter-output>
        </test-method> <!-- testSelenium -->
      </class> <!-- Selenium.basicTitleTest -->
    </test> <!-- Command line test -->
  </suite> <!-- Command line suite -->
</testng-results>
